#####################################################
#w2v / muse / pos:neg 1:1
-----------------------------------------------------
Macro test: (0.5558146242969088, 0.5556418219461698, 0.5553429027113237, None)
Micro test: (0.5557275541795665, 0.5557275541795665, 0.5557275541795665, None)
Macro test pos. class: (0.5, 0.2639751552795031, 0.34552845528455284, None)
Micro test pos. class: (0.5279503105590062, 0.5279503105590062, 0.5279503105590062, None)
#####################################################
#####################################################
#w2v / muse / pos:neg 1:2
-----------------------------------------------------
Macro test: (0.5562465862257312, 0.5319552584066802, 0.5132697274337794, None)
Micro test: (0.6357069143446853, 0.6357069143446853, 0.6357069143446853, None)
Macro test pos. class: (0.5, 0.09672619047619048, 0.16209476309226933, None)
Micro test pos. class: (0.19345238095238096, 0.19345238095238096, 0.19345238095238096, None)
#####################################################

#####################################################
#w2v / pos:neg 1:1
-----------------------------------------------------
Macro test: (0.5767892655986953, 0.5765741665477719, 0.5763518397872397, None)
Micro test: (0.5767154973014649, 0.5767154973014649, 0.5767154973014649, None)
Macro test pos. class: (0.5, 0.2751937984496124, 0.355, None)
Micro test pos. class: (0.5503875968992248, 0.5503875968992248, 0.5503875968992248, None)
#####################################################
#####################################################
#w2v / pos:neg 1:2
-----------------------------------------------------
Macro test: (0.5971841822235586, 0.5422970218114376, 0.5167218543046357, None)
Micro test: (0.6639260020554985, 0.6639260020554985, 0.6639260020554985, None)
Macro test pos. class: (0.5, 0.082701062215478, 0.14192708333333334, None)
Micro test pos. class: (0.165402124430956, 0.165402124430956, 0.165402124430956, None)
#####################################################

#####################################################
#w2v on literals / muse / pos:neg 1:1
-----------------------------------------------------
Macro test: (0.5745191336323594, 0.5741148219596496, 0.5732638443688547, None)
Micro test: (0.5736925515055468, 0.5736925515055468, 0.5736925515055468, None)
Macro test pos. class: (0.5, 0.3060897435897436, 0.3797216699801193, None)
Micro test pos. class: (0.6121794871794872, 0.6121794871794872, 0.6121794871794872, None)
#####################################################
#####################################################
#w2v on literals / muse / pos:neg 1:2
-----------------------------------------------------
Macro test: (0.5527559451833938, 0.5256773060776082, 0.4979740101691321, None)
Micro test: (0.6356916578669483, 0.6356916578669483, 0.6356916578669483, None)
Macro test pos. class: (0.5, 0.08006042296072508, 0.13802083333333331, None)
Micro test pos. class: (0.16012084592145015, 0.16012084592145015, 0.16012084592145015, None)
#####################################################

#####################################################
#w2v on literals / pos:neg 1:1
-----------------------------------------------------
Macro test: (0.5952007229832572, 0.5951871403433681, 0.5951850849996878, None)
Micro test: (0.5952197378565921, 0.5952197378565921, 0.5952197378565921, None)
Macro test pos. class: (0.5, 0.29457364341085274, 0.37073170731707317, None)
Micro test pos. class: (0.5891472868217055, 0.5891472868217055, 0.5891472868217055, None)
#####################################################
#####################################################
#w2v on literals / pos:neg 1:2
-----------------------------------------------------
Macro test: (0.5857519670456715, 0.5450395162079532, 0.5274136241117373, None)
Micro test: (0.65775950668037, 0.65775950668037, 0.65775950668037, None)
Macro test pos. class: (0.5, 0.09787556904400607, 0.16370558375634517, None)
Micro test pos. class: (0.19575113808801214, 0.19575113808801214, 0.19575113808801214, None)
#####################################################

#####################################################
#d2v / muse / pos:neg 1:1
-----------------------------------------------------
Macro test: (0.6509587020648968, 0.6508502367398072, 0.6508504717676544, None)
Micro test: (0.6509863429438544, 0.6509863429438544, 0.6509863429438544, None)
Macro test pos. class: (0.5, 0.33183183183183185, 0.3989169675090253, None)
Micro test pos. class: (0.6636636636636637, 0.6636636636636637, 0.6636636636636637, None)
#####################################################
#####################################################
#d2v / muse / pos:neg 1:2
-----------------------------------------------------
Macro test: (0.6556837118975449, 0.6065160207205509, 0.6068102023957043, None)
Micro test: (0.6885743174924166, 0.6885743174924166, 0.6885743174924166, None)
Macro test pos. class: (0.5, 0.16570605187319884, 0.2489177489177489, None)
Micro test pos. class: (0.3314121037463977, 0.3314121037463977, 0.3314121037463977, None)
#####################################################

#####################################################
#d2v / pos:neg 1:1
-----------------------------------------------------
Macro test: (0.6637490150962184, 0.6611035811100014, 0.6594923053423455, None)
Micro test: (0.6607555898226677, 0.6607555898226677, 0.6607555898226677, None)
Macro test pos. class: (0.5, 0.3627906976744186, 0.42048517520215634, None)
Micro test pos. class: (0.7255813953488373, 0.7255813953488373, 0.7255813953488373, None)
#####################################################
#####################################################
#d2v / pos:neg 1:2
-----------------------------------------------------
Macro test: (0.6372772693337789, 0.5930084078794245, 0.5926399694525322, None)
Micro test: (0.68448098663926, 0.68448098663926, 0.68448098663926, None)
Macro test pos. class: (0.5, 0.15477996965098634, 0.23638470451911933, None)
Micro test pos. class: (0.3095599393019727, 0.3095599393019727, 0.3095599393019727, None)
#####################################################

#####################################################
#w2v on literals / d2v / muse / pos:neg 1:1
-----------------------------------------------------
Macro test: (0.6248167155425219, 0.6246978686003076, 0.6246657141810456, None)
Micro test: (0.6248108925869894, 0.6248108925869894, 0.6248108925869894, None)
Macro test pos. class: (0.5, 0.31981981981981983, 0.3901098901098901, None)
Micro test pos. class: (0.6396396396396397, 0.6396396396396397, 0.6396396396396397, None)
#####################################################
#####################################################
#w2v on literals / d2v / muse / pos:neg 1:2
-----------------------------------------------------
Macro test: (0.621572986133164, 0.5819947169272507, 0.5782139028613837, None)
Micro test: (0.6673387096774194, 0.6673387096774194, 0.6673387096774194, None)
Macro test pos. class: (0.5, 0.14798850574712644, 0.22838137472283815, None)
Micro test pos. class: (0.2959770114942529, 0.2959770114942529, 0.2959770114942529, None)
#####################################################

